<?xml version="1.0" encoding="UTF-8"?>
<testsuite name="myapp.MyAppTest" time="0.86" tests="6" errors="0" skipped="0" failures="1">
  <properties>
    <property name="java.runtime.name" value="Java(TM) SE Runtime Environment"/>
    <property name="sun.boot.library.path" value="C:\Program Files\Java\jdk1.8.0_45\jre\bin"/>
    <property name="java.vm.version" value="25.45-b02"/>
    <property name="user.country.format" value="FI"/>
    <property name="java.vm.vendor" value="Oracle Corporation"/>
    <property name="java.vendor.url" value="http://java.oracle.com/"/>
    <property name="path.separator" value=";"/>
    <property name="guice.disable.misplaced.annotation.check" value="true"/>
    <property name="java.vm.name" value="Java HotSpot(TM) 64-Bit Server VM"/>
    <property name="file.encoding.pkg" value="sun.io"/>
    <property name="user.script" value=""/>
    <property name="user.country" value="US"/>
    <property name="sun.java.launcher" value="SUN_STANDARD"/>
    <property name="sun.os.patch.level" value="Service Pack 1"/>
    <property name="java.vm.specification.name" value="Java Virtual Machine Specification"/>
    <property name="user.dir" value="U:\ohjelmistotuotanto\myapp"/>
    <property name="java.runtime.version" value="1.8.0_45-b15"/>
    <property name="java.awt.graphicsenv" value="sun.awt.Win32GraphicsEnvironment"/>
    <property name="java.endorsed.dirs" value="C:\Program Files\Java\jdk1.8.0_45\jre\lib\endorsed"/>
    <property name="os.arch" value="amd64"/>
    <property name="java.io.tmpdir" value="C:\Users\e1401165\AppData\Local\Temp\"/>
    <property name="line.separator" value="&#10;"/>
    <property name="java.vm.specification.vendor" value="Oracle Corporation"/>
    <property name="user.variant" value=""/>
    <property name="os.name" value="Windows 7"/>
    <property name="classworlds.conf" value="U:\workspace\.metadata\.plugins\org.eclipse.m2e.launching\launches\m2conf7020013676040888.tmp"/>
    <property name="sun.jnu.encoding" value="Cp1252"/>
    <property name="java.library.path" value="C:\Program Files\Java\jdk1.8.0_45\bin;C:\WINDOWS\Sun\Java\bin;C:\WINDOWS\system32;C:\WINDOWS;C:/Program Files/eclipse 4.4/jre/bin/server;C:/Program Files/eclipse 4.4/jre/bin;C:/Program Files/eclipse 4.4/jre/lib/amd64;C:\ProgramData\Oracle\Java\javapath;C:\MentorGraphics\9.4PADS\SDD_HOME\common\win32\bin;C:\MentorGraphics\9.4PADS\SDD_HOME\common\win32\lib;C:\MentorGraphics\9.4PADS\MGC_HOME.ixn\bin;C:\MentorGraphics\9.4PADS\MGC_HOME.ixn\lib;C:\Program Files\Common Files\Microsoft Shared\Windows Live;C:\Program Files (x86)\Common Files\Microsoft Shared\Windows Live;C:\WINDOWS\system32;C:\WINDOWS;C:\WINDOWS\System32\Wbem;C:\WINDOWS\System32\WindowsPowerShell\v1.0\;C:\Program Files (x86)\Common Files\Roxio Shared\DLLShared\;C:\Program Files (x86)\Windows Live\Shared;C:\Program Files\MATLAB\R2014a\runtime\win64;C:\Program Files\MATLAB\R2014a\bin;C:\Program Files (x86)\Autodesk\Backburner\;C:\Program Files\Common Files\Autodesk Shared\;C:\Program Files (x86)\nodejs\;C:\Program Files\doxygen\bin;C:\Program Files (x86)\Windows Kits\8.1\Windows Performance Toolkit\;C:\altera\13.0sp1\modelsim_ase\win32aloem;C:\MentorGraphics\9.4PADS\SDD_HOME\common\win32\lib;.;;C:\Program Files\eclipse 4.4;;.;;.;;.;;.;;.;;.;;."/>
    <property name="java.specification.name" value="Java Platform API Specification"/>
    <property name="java.class.version" value="52.0"/>
    <property name="sun.management.compiler" value="HotSpot 64-Bit Tiered Compilers"/>
    <property name="os.version" value="6.1"/>
    <property name="user.home" value="C:\Users\e1401165"/>
    <property name="user.timezone" value="Europe/Helsinki"/>
    <property name="java.awt.printerjob" value="sun.awt.windows.WPrinterJob"/>
    <property name="java.specification.version" value="1.8"/>
    <property name="file.encoding" value="Cp1252"/>
    <property name="user.name" value="e1401165"/>
    <property name="java.class.path" value="/C:/Program Files/eclipse 4.4/plugins/org.eclipse.m2e.maven.runtime_1.5.1.20150109-1819/jars/plexus-classworlds-2.5.1.jar"/>
    <property name="org.slf4j.simpleLogger.defaultLogLevel" value="info"/>
    <property name="java.vm.specification.version" value="1.8"/>
    <property name="sun.arch.data.model" value="64"/>
    <property name="java.home" value="C:\Program Files\Java\jdk1.8.0_45\jre"/>
    <property name="sun.java.command" value="org.codehaus.plexus.classworlds.launcher.Launcher -B test"/>
    <property name="java.specification.vendor" value="Oracle Corporation"/>
    <property name="user.language" value="en"/>
    <property name="user.language.format" value="fi"/>
    <property name="awt.toolkit" value="sun.awt.windows.WToolkit"/>
    <property name="java.vm.info" value="mixed mode"/>
    <property name="java.version" value="1.8.0_45"/>
    <property name="java.ext.dirs" value="C:\Program Files\Java\jdk1.8.0_45\jre\lib\ext;C:\WINDOWS\Sun\Java\lib\ext"/>
    <property name="sun.boot.class.path" value="C:\Program Files\Java\jdk1.8.0_45\jre\lib\resources.jar;C:\Program Files\Java\jdk1.8.0_45\jre\lib\rt.jar;C:\Program Files\Java\jdk1.8.0_45\jre\lib\sunrsasign.jar;C:\Program Files\Java\jdk1.8.0_45\jre\lib\jsse.jar;C:\Program Files\Java\jdk1.8.0_45\jre\lib\jce.jar;C:\Program Files\Java\jdk1.8.0_45\jre\lib\charsets.jar;C:\Program Files\Java\jdk1.8.0_45\jre\lib\jfr.jar;C:\Program Files\Java\jdk1.8.0_45\jre\classes"/>
    <property name="java.vendor" value="Oracle Corporation"/>
    <property name="maven.home" value="U:\ohjelmistotuotanto\myapp\EMBEDDED"/>
    <property name="file.separator" value="\"/>
    <property name="java.vendor.url.bug" value="http://bugreport.sun.com/bugreport/"/>
    <property name="sun.cpu.endian" value="little"/>
    <property name="sun.io.unicode.encoding" value="UnicodeLittle"/>
    <property name="sun.desktop" value="windows"/>
    <property name="sun.cpu.isalist" value="amd64"/>
  </properties>
  <testcase name="testViaRestUsingRestTempate" classname="myapp.MyAppTest" time="0.672"/>
  <testcase name="testByCallingControllersMethod" classname="myapp.MyAppTest" time="0"/>
  <testcase name="testViaRestUsingHttpClient" classname="myapp.MyAppTest" time="0.063">
    <failure message="expected:&lt;{&quot;id&quot;:12[4]}&gt; but was:&lt;{&quot;id&quot;:12[3]}&gt;" type="org.junit.ComparisonFailure"><![CDATA[org.junit.ComparisonFailure: expected:<{"id":12[4]}> but was:<{"id":12[3]}>
	at org.junit.Assert.assertEquals(Assert.java:115)
	at org.junit.Assert.assertEquals(Assert.java:144)
	at myapp.MyAppTest.testViaRestUsingHttpClient(MyAppTest.java:81)
]]></failure>
    <system-out><![CDATA[11:15:19.886 [main] DEBUG org.apache.http.client.protocol.RequestAddCookies - CookieSpec selected: default
11:15:19.917 [main] DEBUG org.apache.http.client.protocol.RequestAuthCache - Auth cache not set in the context
11:15:19.917 [main] DEBUG org.apache.http.impl.conn.PoolingHttpClientConnectionManager - Connection request: [route: {}->http://localhost:8080][total kept alive: 0; route allocated: 0 of 2; total allocated: 0 of 20]
11:15:19.917 [main] DEBUG org.apache.http.impl.conn.PoolingHttpClientConnectionManager - Connection leased: [id: 1][route: {}->http://localhost:8080][total kept alive: 0; route allocated: 1 of 2; total allocated: 1 of 20]
11:15:19.917 [main] DEBUG org.apache.http.impl.execchain.MainClientExec - Opening connection {}->http://localhost:8080
11:15:19.917 [main] DEBUG org.apache.http.impl.conn.DefaultHttpClientConnectionOperator - Connecting to localhost/127.0.0.1:8080
11:15:19.917 [main] DEBUG org.apache.http.impl.conn.DefaultHttpClientConnectionOperator - Connection established 127.0.0.1:61358<->127.0.0.1:8080
11:15:19.917 [main] DEBUG org.apache.http.impl.execchain.MainClientExec - Executing request GET /test HTTP/1.1
11:15:19.917 [main] DEBUG org.apache.http.impl.execchain.MainClientExec - Target auth state: UNCHALLENGED
11:15:19.917 [main] DEBUG org.apache.http.impl.execchain.MainClientExec - Proxy auth state: UNCHALLENGED
11:15:19.917 [main] DEBUG org.apache.http.headers - http-outgoing-1 >> GET /test HTTP/1.1
11:15:19.917 [main] DEBUG org.apache.http.headers - http-outgoing-1 >> Host: localhost:8080
11:15:19.917 [main] DEBUG org.apache.http.headers - http-outgoing-1 >> Connection: Keep-Alive
11:15:19.917 [main] DEBUG org.apache.http.headers - http-outgoing-1 >> User-Agent: Apache-HttpClient/4.5.3 (Java/1.8.0_45)
11:15:19.917 [main] DEBUG org.apache.http.headers - http-outgoing-1 >> Accept-Encoding: gzip,deflate
11:15:19.917 [main] DEBUG org.apache.http.wire - http-outgoing-1 >> "GET /test HTTP/1.1[\r][\n]"
11:15:19.917 [main] DEBUG org.apache.http.wire - http-outgoing-1 >> "Host: localhost:8080[\r][\n]"
11:15:19.917 [main] DEBUG org.apache.http.wire - http-outgoing-1 >> "Connection: Keep-Alive[\r][\n]"
11:15:19.917 [main] DEBUG org.apache.http.wire - http-outgoing-1 >> "User-Agent: Apache-HttpClient/4.5.3 (Java/1.8.0_45)[\r][\n]"
11:15:19.917 [main] DEBUG org.apache.http.wire - http-outgoing-1 >> "Accept-Encoding: gzip,deflate[\r][\n]"
11:15:19.917 [main] DEBUG org.apache.http.wire - http-outgoing-1 >> "[\r][\n]"
11:15:19.917 [main] DEBUG org.apache.http.wire - http-outgoing-1 << "HTTP/1.1 200 [\r][\n]"
11:15:19.917 [main] DEBUG org.apache.http.wire - http-outgoing-1 << "Content-Type: text/plain;charset=UTF-8[\r][\n]"
11:15:19.917 [main] DEBUG org.apache.http.wire - http-outgoing-1 << "Content-Length: 10[\r][\n]"
11:15:19.917 [main] DEBUG org.apache.http.wire - http-outgoing-1 << "Date: Thu, 13 Apr 2017 08:15:19 GMT[\r][\n]"
11:15:19.917 [main] DEBUG org.apache.http.wire - http-outgoing-1 << "[\r][\n]"
11:15:19.917 [main] DEBUG org.apache.http.wire - http-outgoing-1 << "{"id":123}"
11:15:19.917 [main] DEBUG org.apache.http.headers - http-outgoing-1 << HTTP/1.1 200 
11:15:19.917 [main] DEBUG org.apache.http.headers - http-outgoing-1 << Content-Type: text/plain;charset=UTF-8
11:15:19.917 [main] DEBUG org.apache.http.headers - http-outgoing-1 << Content-Length: 10
11:15:19.917 [main] DEBUG org.apache.http.headers - http-outgoing-1 << Date: Thu, 13 Apr 2017 08:15:19 GMT
11:15:19.917 [main] DEBUG org.apache.http.impl.execchain.MainClientExec - Connection can be kept alive indefinitely
Response Code : 200
11:15:19.917 [main] DEBUG org.apache.http.impl.conn.PoolingHttpClientConnectionManager - Connection [id: 1][route: {}->http://localhost:8080] can be kept alive indefinitely
11:15:19.917 [main] DEBUG org.apache.http.impl.conn.PoolingHttpClientConnectionManager - Connection released: [id: 1][route: {}->http://localhost:8080][total kept alive: 1; route allocated: 1 of 2; total allocated: 1 of 20]
]]></system-out>
  </testcase>
  <testcase name="test" classname="myapp.MyAppTest" time="0"/>
  <testcase name="hello" classname="myapp.MyAppTest" time="0"/>
  <testcase name="testTHatHttpStatusOkAndBodyCOrrect" classname="myapp.MyAppTest" time="0.125"/>
</testsuite>